[01:37:25] [main/INFO]: Environment: authHost='https://authserver.mojang.com', accountsHost='https://api.mojang.com', sessionHost='https://sessionserver.mojang.com', servicesHost='https://api.minecraftservices.com', name='PROD'
[01:37:25] [main/INFO]: Reloading ResourceManager: Default, bukkit
[01:37:26] [Worker-Main-2/INFO]: Loaded 7 recipes
[01:37:27] [Server thread/INFO]: Starting minecraft server version 1.16.5
[01:37:27] [Server thread/INFO]: Loading properties
[01:37:27] [Server thread/INFO]: This server is running Paper version git-Paper-794 (MC: 1.16.5) (Implementing API version 1.16.5-R0.1-SNAPSHOT)
[01:37:27] [Server thread/INFO]: Debug logging is disabled
[01:37:27] [Server thread/INFO]: Server Ping Player Sample Count: 12
[01:37:27] [Server thread/INFO]: Using 4 threads for Netty based IO
[01:37:27] [Server thread/INFO]: Default game type: SURVIVAL
[01:37:27] [Server thread/INFO]: Generating keypair
[01:37:27] [Server thread/INFO]: Starting Minecraft server on *:25565
[01:37:27] [Server thread/INFO]: Using epoll channel type
[01:37:28] [Server thread/WARN]: Initializing Legacy Material Support. Unless you have legacy plugins and/or data this is a bug!
[01:37:31] [Server thread/WARN]: Legacy plugin PingTab v1.3.5 does not specify an api-version.
[01:37:31] [Server thread/INFO]: [ClearLag] Loading ClearLag v3.2.2
[01:37:31] [Server thread/INFO]: [ViaVersion] Loading ViaVersion v5.3.2
[01:37:31] [Server thread/INFO]: [ViaVersion] ViaVersion 5.3.2 is now loaded. Registering protocol transformers and injecting...
[01:37:31] [Via-Mappingloader-0/INFO]: [ViaVersion] Loading block connection mappings ...
[01:37:31] [Via-Mappingloader-0/INFO]: [ViaVersion] Using FastUtil Long2ObjectOpenHashMap for block connections
[01:37:32] [Server thread/INFO]: [ViaBackwards] Loading translations...
[01:37:32] [Server thread/INFO]: [ViaBackwards] Registering protocols...
[01:37:32] [Server thread/INFO]: [ViaRewind] Registering protocols...
[01:37:32] [Server thread/INFO]: [ViaBackwards] Loading ViaBackwards v5.3.2
[01:37:32] [Server thread/INFO]: [BlockLocker] Loading BlockLocker v1.11
[01:37:32] [Server thread/INFO]: [PingTab] Loading PingTab v1.3.5
[01:37:32] [Server thread/INFO]: [ViaRewind] Loading ViaRewind v4.0.7
[01:37:32] [Server thread/INFO]: Server permissions file permissions.yml is empty, ignoring it
[01:37:32] [Server thread/INFO]: [BlockLocker] Enabling BlockLocker v1.11
[01:37:32] [Server thread/WARN]: [BlockLocker] Cannot recognize material mangrove_door, ignoring it
[01:37:32] [Server thread/WARN]: [BlockLocker] Cannot recognize material mangrove_fence_gate, ignoring it
[01:37:32] [Server thread/WARN]: [BlockLocker] Cannot recognize material mangrove_trapdoor, ignoring it
[01:37:32] [Server thread/INFO]: [ViaRewind] Enabling ViaRewind v4.0.7
[01:37:32] [Server thread/WARN]: **** SERVER IS RUNNING IN OFFLINE/INSECURE MODE!
[01:37:32] [Server thread/WARN]: The server will make no attempt to authenticate usernames. Beware.
[01:37:32] [Server thread/WARN]: While this makes the game possible to play without internet access, it also opens up the ability for hackers to connect with any username they choose.
[01:37:32] [Server thread/WARN]: To change this, set "online-mode" to "true" in the server.properties file.
[01:37:32] [Server thread/INFO]: Preparing level "world"
[01:37:32] [Server thread/INFO]: Preparing start region for dimension minecraft:overworld
[01:37:32] [Server thread/INFO]: Preparing spawn area: 0%
[01:37:33] [Server thread/INFO]: Time elapsed: 396 ms
[01:37:33] [Server thread/INFO]: Preparing start region for dimension minecraft:the_nether
[01:37:33] [Server thread/INFO]: Time elapsed: 191 ms
[01:37:33] [Server thread/INFO]: Preparing start region for dimension minecraft:the_end
[01:37:33] [Server thread/INFO]: Time elapsed: 60 ms
[01:37:33] [Server thread/INFO]: [ClearLag] Enabling ClearLag v3.2.2
[01:37:33] [Server thread/INFO]: [ClearLag] Using version-adapter: LatestVersionAdapter
[01:37:33] [Server thread/INFO]: [ClearLag] Loading modules...
[01:37:33] [Server thread/INFO]: [ClearLag] Modules enabed, loading config values
[01:37:33] [Server thread/INFO]: [ClearLag] Modules have been loaded!
[01:37:33] [Server thread/INFO]: [ClearLag] Clearlag is now enabled!
[01:37:33] [Thread-8/INFO]: [ClearLag] Checking for updates compatible with your bukkit version [1.16]...
[01:37:33] [Server thread/INFO]: [ViaVersion] Enabling ViaVersion v5.3.2
[01:37:33] [Server thread/INFO]: [ViaVersion] ViaVersion detected server version: 1.16.4-1.16.5 (754)
[01:37:33] [Server thread/WARN]: [ViaVersion] You are running an outdated Java version, please update it to at least Java 21 (your version is 11.0.28).
[01:37:33] [Server thread/WARN]: [ViaVersion] ViaVersion no longer officially supports this version of Java, only offering unsupported compatibility builds.
[01:37:33] [Server thread/WARN]: [ViaVersion] See https://github.com/ViaVersion/ViaVersion/releases/tag/5.0.0 for more information.
[01:37:33] [Server thread/INFO]: [ViaBackwards] Enabling ViaBackwards v5.3.2
[01:37:33] [Server thread/INFO]: [PingTab] Enabling PingTab v1.3.5*
[01:37:33] [Server thread/INFO]: [PingTab] Plugin metrics enabled!
[01:37:33] [Server thread/INFO]: [PingTab] Checking for new versions...
[01:37:34] [Server thread/INFO]: [PingTab] Plugin is up to date.
[01:37:34] [Thread-8/INFO]: [ClearLag] No updates found!
[01:37:34] [Server thread/INFO]: Running delayed init tasks
[01:37:34] [Server thread/INFO]: Done (7.129s)! For help, type "help"
[01:37:34] [Server thread/WARN]: [io.papermc.paper.util.PaperJvmChecker] ************************************************************
[01:37:34] [Server thread/WARN]: [io.papermc.paper.util.PaperJvmChecker] * WARNING - YOU ARE RUNNING AN OUTDATED VERSION OF JAVA.
[01:37:34] [Server thread/WARN]: [io.papermc.paper.util.PaperJvmChecker] * PAPER WILL STOP BEING COMPATIBLE WITH THIS VERSION OF
[01:37:34] [Server thread/WARN]: [io.papermc.paper.util.PaperJvmChecker] * JAVA WHEN MINECRAFT 1.17 IS RELEASED.
[01:37:34] [Server thread/WARN]: [io.papermc.paper.util.PaperJvmChecker] *
[01:37:34] [Server thread/WARN]: [io.papermc.paper.util.PaperJvmChecker] * Please update the version of Java you use to run Paper
[01:37:34] [Server thread/WARN]: [io.papermc.paper.util.PaperJvmChecker] * to at least Java 16. When Paper for Minecraft 1.17 is
[01:37:34] [Server thread/WARN]: [io.papermc.paper.util.PaperJvmChecker] * released support for versions of Java before 16 will
[01:37:34] [Server thread/WARN]: [io.papermc.paper.util.PaperJvmChecker] * be dropped.
[01:37:34] [Server thread/WARN]: [io.papermc.paper.util.PaperJvmChecker] *
[01:37:34] [Server thread/WARN]: [io.papermc.paper.util.PaperJvmChecker] * Current Java version: 11.0.28
[01:37:34] [Server thread/WARN]: [io.papermc.paper.util.PaperJvmChecker] *
[01:37:34] [Server thread/WARN]: [io.papermc.paper.util.PaperJvmChecker] * Check this forum post for more information: 
[01:37:34] [Server thread/WARN]: [io.papermc.paper.util.PaperJvmChecker] *   https://papermc.io/java16
[01:37:34] [Server thread/WARN]: [io.papermc.paper.util.PaperJvmChecker] ************************************************************
[01:37:34] [Craft Scheduler Thread - 2/INFO]: [ViaVersion] Finished mapping loading, shutting down loader executor.
[01:37:34] [Server thread/INFO]: Timings Reset
[01:37:34] [Craft Scheduler Thread - 1/WARN]: [PingTab] Plugin PingTab v1.3.5 generated an exception while executing task 193
java.lang.NoSuchMethodError: 'org.bukkit.entity.Player[] org.bukkit.Server.getOnlinePlayers()'
	at br.net.hexafun.PingTab.MetricsLite.postPlugin(MetricsLite.java:287) ~[?:?]
	at br.net.hexafun.PingTab.MetricsLite.access$200(MetricsLite.java:53) ~[?:?]
	at br.net.hexafun.PingTab.MetricsLite$1.run(MetricsLite.java:175) ~[?:?]
	at org.bukkit.craftbukkit.v1_16_R3.scheduler.CraftTask.run(CraftTask.java:101) ~[patched_1.16.5.jar:git-Paper-794]
	at org.bukkit.craftbukkit.v1_16_R3.scheduler.CraftAsyncTask.run(CraftAsyncTask.java:54) ~[patched_1.16.5.jar:git-Paper-794]
	at com.destroystokyo.paper.ServerSchedulerReportingWrapper.run(ServerSchedulerReportingWrapper.java:22) ~[patched_1.16.5.jar:git-Paper-794]
	at java.util.concurrent.ThreadPoolExecutor.runWorker(ThreadPoolExecutor.java:1128) ~[?:?]
	at java.util.concurrent.ThreadPoolExecutor$Worker.run(ThreadPoolExecutor.java:628) ~[?:?]
	at java.lang.Thread.run(Thread.java:829) [?:?]
[01:37:34] [Server thread/WARN]: [ViaVersion] There is a newer plugin version available: 5.4.2, you're on: 5.3.2
[01:37:35] [Server thread/INFO]: The latest version of BlockLocker (version 1.13.0) no longer supports this Minecraft version, only Minecraft 1.20.2, 1.20.4, 1.20.6, 1.21, 1.21.1, 1.21.2, 1.21.3, 1.21.4, 1.21.5, 1.21.6.
[01:37:35] [Server thread/INFO]: More information: https://www.spigotmc.org/resources/blocklocker.3268/update?update=571821
[01:39:20] [User Authenticator #1/INFO]: UUID of player J3ZuX is e30c7224-8444-3029-bf10-107ea21be3c9
[01:39:21] [Server thread/INFO]: J3ZuX joined the game
[01:39:21] [Server thread/INFO]: J3ZuX[/10.144.204.103:49353] logged in with entity id 212 at ([world]2223.5, 71.0, -167.5)
[01:46:10] [User Authenticator #2/INFO]: UUID of player J8nAThAn is 37dd31f1-fed6-3e4d-a7a4-d78516e69b14
[01:46:10] [Server thread/INFO]: J8nAThAn joined the game
[01:46:10] [Server thread/INFO]: J8nAThAn[/10.144.157.103:64797] logged in with entity id 1284 at ([world]1381.300000011921, 24.0, 1734.6763754444717)
[01:46:54] [User Authenticator #2/INFO]: UUID of player Lix4nD3r is a6735982-79e6-34dd-8845-e3e6c496b674
[01:46:54] [Server thread/INFO]: Lix4nD3r joined the game
[01:46:54] [Server thread/INFO]: Lix4nD3r[/10.144.73.36:58408] logged in with entity id 1911 at ([world]90.62471525124406, 74.0, -225.30000001192093)
[01:47:07] [Async Chat Thread - #0/INFO]: <J3ZuX> hablame ATIIIIII
